2022-02-22 21:58:29.666  INFO 6072 --- [main] .MyLibraryManagmentEndProjectApplication : Starting MyLibraryManagmentEndProjectApplication using Java 16.0.1 on LAPTOP-B5FHCK4F with PID 6072 (C:\Users\adamk\Desktop\MyLibraryManagmentEndProject\target\classes started by adamk in C:\Users\adamk\Desktop\MyLibraryManagmentEndProject)
2022-02-22 21:58:29.674  INFO 6072 --- [main] .MyLibraryManagmentEndProjectApplication : The following profiles are active: h2,jpa-database,mysql-database
2022-02-22 21:58:30.791  INFO 6072 --- [main] .s.d.r.c.RepositoryConfigurationDelegate : Bootstrapping Spring Data JPA repositories in DEFAULT mode.
2022-02-22 21:58:30.877  INFO 6072 --- [main] .s.d.r.c.RepositoryConfigurationDelegate : Finished Spring Data repository scanning in 73 ms. Found 4 JPA repository interfaces.
2022-02-22 21:58:31.417  INFO 6072 --- [main] o.s.b.w.embedded.tomcat.TomcatWebServer  : Tomcat initialized with port(s): 8080 (http)
2022-02-22 21:58:31.426  INFO 6072 --- [main] o.apache.catalina.core.StandardService   : Starting service [Tomcat]
2022-02-22 21:58:31.426  INFO 6072 --- [main] org.apache.catalina.core.StandardEngine  : Starting Servlet engine: [Apache Tomcat/9.0.56]
2022-02-22 21:58:31.541  INFO 6072 --- [main] o.a.c.c.C.[Tomcat].[localhost].[/]       : Initializing Spring embedded WebApplicationContext
2022-02-22 21:58:31.541  INFO 6072 --- [main] w.s.c.ServletWebServerApplicationContext : Root WebApplicationContext: initialization completed in 1811 ms
2022-02-22 21:58:31.639  INFO 6072 --- [main] com.zaxxer.hikari.HikariDataSource       : HikariPool-1 - Starting...
2022-02-22 21:58:31.751  INFO 6072 --- [main] com.zaxxer.hikari.HikariDataSource       : HikariPool-1 - Start completed.
2022-02-22 21:58:31.760  INFO 6072 --- [main] o.s.b.a.h2.H2ConsoleAutoConfiguration    : H2 console available at '/h2-console'. Database available at 'jdbc:h2:mem:testdb'
2022-02-22 21:58:31.893  INFO 6072 --- [main] o.hibernate.jpa.internal.util.LogHelper  : HHH000204: Processing PersistenceUnitInfo [name: default]
2022-02-22 21:58:31.947  INFO 6072 --- [main] org.hibernate.Version                    : HHH000412: Hibernate ORM core version 5.6.4.Final
2022-02-22 21:58:32.089  INFO 6072 --- [main] o.hibernate.annotations.common.Version   : HCANN000001: Hibernate Commons Annotations {5.1.2.Final}
2022-02-22 21:58:32.189  INFO 6072 --- [main] org.hibernate.dialect.Dialect            : HHH000400: Using dialect: org.hibernate.dialect.H2Dialect
2022-02-22 21:58:32.790  INFO 6072 --- [main] o.h.e.t.j.p.i.JtaPlatformInitiator       : HHH000490: Using JtaPlatform implementation: [org.hibernate.engine.transaction.jta.platform.internal.NoJtaPlatform]
2022-02-22 21:58:32.798  INFO 6072 --- [main] j.LocalContainerEntityManagerFactoryBean : Initialized JPA EntityManagerFactory for persistence unit 'default'
2022-02-22 21:58:33.214  WARN 6072 --- [main] JpaBaseConfiguration$JpaWebConfiguration : spring.jpa.open-in-view is enabled by default. Therefore, database queries may be performed during view rendering. Explicitly configure spring.jpa.open-in-view to disable this warning
2022-02-22 21:58:33.615  INFO 6072 --- [main] o.s.b.a.e.web.EndpointLinksResolver      : Exposing 1 endpoint(s) beneath base path '/actuator'
2022-02-22 21:58:33.624  INFO 6072 --- [main] o.s.s.web.DefaultSecurityFilterChain     : Will secure any request with [org.springframework.security.web.context.request.async.WebAsyncManagerIntegrationFilter@4b74a67a, org.springframework.security.web.context.SecurityContextPersistenceFilter@3370be55, org.springframework.security.web.header.HeaderWriterFilter@39a30d1a, org.springframework.web.filter.CorsFilter@4e25282d, org.springframework.security.web.authentication.logout.LogoutFilter@7d2be319, org.springframework.security.web.authentication.UsernamePasswordAuthenticationFilter@587f6634, org.springframework.security.web.authentication.ui.DefaultLoginPageGeneratingFilter@69c0bae6, org.springframework.security.web.authentication.ui.DefaultLogoutPageGeneratingFilter@3b29d36c, org.springframework.security.web.authentication.www.BasicAuthenticationFilter@462b239f, org.springframework.security.web.savedrequest.RequestCacheAwareFilter@58c36104, org.springframework.security.web.servletapi.SecurityContextHolderAwareRequestFilter@5d84b088, org.springframework.security.web.authentication.AnonymousAuthenticationFilter@d641499, org.springframework.security.web.session.SessionManagementFilter@1958524b, org.springframework.security.web.access.ExceptionTranslationFilter@55315a00, org.springframework.security.web.access.intercept.FilterSecurityInterceptor@176054b7]
2022-02-22 21:58:33.888  INFO 6072 --- [main] o.s.b.w.embedded.tomcat.TomcatWebServer  : Tomcat started on port(s): 8080 (http) with context path ''
2022-02-22 21:58:33.903  INFO 6072 --- [main] .MyLibraryManagmentEndProjectApplication : Started MyLibraryManagmentEndProjectApplication in 4.809 seconds (JVM running for 5.765)
2022-02-22 21:58:35.240  INFO 6072 --- [RMI TCP Connection(1)-192.168.0.5] o.a.c.c.C.[Tomcat].[localhost].[/]       : Initializing Spring DispatcherServlet 'dispatcherServlet'
2022-02-22 21:58:35.241  INFO 6072 --- [RMI TCP Connection(1)-192.168.0.5] o.s.web.servlet.DispatcherServlet        : Initializing Servlet 'dispatcherServlet'
2022-02-22 21:58:35.242  INFO 6072 --- [RMI TCP Connection(1)-192.168.0.5] o.s.web.servlet.DispatcherServlet        : Completed initialization in 1 ms
2022-02-22 21:58:42.152  INFO 6072 --- [SpringApplicationShutdownHook] j.LocalContainerEntityManagerFactoryBean : Closing JPA EntityManagerFactory for persistence unit 'default'
2022-02-22 21:58:42.152  INFO 6072 --- [SpringApplicationShutdownHook] .SchemaDropperImpl$DelayedDropActionImpl : HHH000477: Starting delayed evictData of schema as part of SessionFactory shut-down'
2022-02-22 21:58:42.159  INFO 6072 --- [SpringApplicationShutdownHook] com.zaxxer.hikari.HikariDataSource       : HikariPool-1 - Shutdown initiated...
2022-02-22 21:58:42.161  INFO 6072 --- [SpringApplicationShutdownHook] com.zaxxer.hikari.HikariDataSource       : HikariPool-1 - Shutdown completed.
